2010-12-01 15:56:32,467 - SimpleLog4JLogSystem initialized using logfile 'velocity.log'
2010-12-01 15:56:32,467 - ************************************************************** 
2010-12-01 15:56:32,467 - Starting Jakarta Velocity v1.4
2010-12-01 15:56:32,467 - RuntimeInstance initializing.
2010-12-01 15:56:32,467 - Default Properties File: org/apache/velocity/runtime/defaults/velocity.properties
2010-12-01 15:56:32,467 - Trying to use logger class org.apache.velocity.runtime.log.SimpleLog4JLogSystem
2010-12-01 15:56:32,467 - Using logger class org.apache.velocity.runtime.log.SimpleLog4JLogSystem
2010-12-01 15:56:32,469 - Default ResourceManager initializing. (class org.apache.velocity.runtime.resource.ResourceManagerImpl)
2010-12-01 15:56:32,470 - Resource Loader Instantiated: org.apache.velocity.runtime.resource.loader.FileResourceLoader
2010-12-01 15:56:32,470 - FileResourceLoader : initialization starting.
2010-12-01 15:56:32,470 - FileResourceLoader : adding path '.'
2010-12-01 15:56:32,470 - FileResourceLoader : initialization complete.
2010-12-01 15:56:32,471 - Resource Loader Instantiated: org.apache.velocity.runtime.resource.loader.ClasspathResourceLoader
2010-12-01 15:56:32,471 - ClasspathResourceLoader : initialization starting.
2010-12-01 15:56:32,471 - ClasspathResourceLoader : initialization complete.
2010-12-01 15:56:32,471 - ResourceCache : initialized. (class org.apache.velocity.runtime.resource.ResourceCacheImpl)
2010-12-01 15:56:32,471 - Default ResourceManager initialization complete.
2010-12-01 15:56:32,472 - Loaded System Directive: org.apache.velocity.runtime.directive.Literal
2010-12-01 15:56:32,473 - Loaded System Directive: org.apache.velocity.runtime.directive.Macro
2010-12-01 15:56:32,473 - Loaded System Directive: org.apache.velocity.runtime.directive.Parse
2010-12-01 15:56:32,474 - Loaded System Directive: org.apache.velocity.runtime.directive.Include
2010-12-01 15:56:32,475 - Loaded System Directive: org.apache.velocity.runtime.directive.Foreach
2010-12-01 15:56:32,494 - Created: 20 parsers.
2010-12-01 15:56:32,496 - Velocimacro : initialization starting.
2010-12-01 15:56:32,496 - Velocimacro : adding VMs from VM library template : VM_global_library.vm
2010-12-01 15:56:32,498 - ResourceManager : unable to find resource 'VM_global_library.vm' in any resource loader.
2010-12-01 15:56:32,498 - Velocimacro : error using  VM library template VM_global_library.vm : org.apache.velocity.exception.ResourceNotFoundException: Unable to find resource 'VM_global_library.vm'
2010-12-01 15:56:32,498 - Velocimacro :  VM library template macro registration complete.
2010-12-01 15:56:32,499 - Velocimacro : allowInline = true : VMs can be defined inline in templates
2010-12-01 15:56:32,499 - Velocimacro : allowInlineToOverride = false : VMs defined inline may NOT replace previous VM definitions
2010-12-01 15:56:32,499 - Velocimacro : allowInlineLocal = false : VMs defined inline will be  global in scope if allowed.
2010-12-01 15:56:32,499 - Velocimacro : messages on  : VM system will output logging messages
2010-12-01 15:56:32,499 - Velocimacro : autoload off  : VM system will not automatically reload global library macros
2010-12-01 15:56:32,499 - Velocimacro : initialization complete.
2010-12-01 15:56:32,499 - Velocity successfully started.
